mode: set
github.com/tys-muta/go-opt/option.go:10.44,11.29 1 1
github.com/tys-muta/go-opt/option.go:20.2,20.12 1 1
github.com/tys-muta/go-opt/option.go:11.29,12.20 1 1
github.com/tys-muta/go-opt/option.go:15.3,15.43 1 1
github.com/tys-muta/go-opt/option.go:18.3,18.20 1 1
github.com/tys-muta/go-opt/option.go:12.20,13.12 1 0
github.com/tys-muta/go-opt/option.go:15.43,17.4 1 1
github.com/tys-muta/go-opt/option.go:23.35,25.29 2 0
github.com/tys-muta/go-opt/option.go:33.2,33.16 1 0
github.com/tys-muta/go-opt/option.go:25.29,26.20 1 0
github.com/tys-muta/go-opt/option.go:29.3,29.35 1 0
github.com/tys-muta/go-opt/option.go:26.20,27.12 1 0
github.com/tys-muta/go-opt/option.go:29.35,31.4 1 0
